# JRE version: OpenJDK Runtime Environment (8.0_292-b10) (build 1.8.0_292-8u292-b10-0ubuntu1~20.04-b10)
# Java VM: OpenJDK 64-Bit Server VM (25.292-b10 mixed mode linux-amd64 compressed oops)
Heap:
 PSYoungGen      total 74752K, used 24637K [0x000000076d180000, 0x0000000776280000, 0x00000007c0000000)
  eden space 64512K, 30% used [0x000000076d180000,0x000000076e481db0,0x0000000771080000)
  from space 10240K, 50% used [0x0000000771080000,0x000000077158d9a8,0x0000000771a80000)
  to   space 9728K, 0% used [0x0000000775900000,0x0000000775900000,0x0000000776280000)
 ParOldGen       total 70656K, used 5566K [0x00000006c7400000, 0x00000006cb900000, 0x000000076d180000)
  object space 70656K, 7% used [0x00000006c7400000,0x00000006c796faf8,0x00000006cb900000)
 Metaspace       used 27425K, capacity 28230K, committed 28544K, reserved 1075200K
  class space    used 3398K, capacity 3633K, committed 3712K, reserved 1048576K
GC Heap History (10 events):
Event: 42.618 GC heap before
{Heap before GC invocations=2 (full 0):
 PSYoungGen      total 74752K, used 71180K [0x000000076d180000, 0x0000000772480000, 0x00000007c0000000)
  eden space 64512K, 100% used [0x000000076d180000,0x0000000771080000,0x0000000771080000)
  from space 10240K, 65% used [0x0000000771080000,0x0000000771703308,0x0000000771a80000)
  to   space 10240K, 0% used [0x0000000771a80000,0x0000000771a80000,0x0000000772480000)
 ParOldGen       total 171008K, used 8K [0x00000006c7400000, 0x00000006d1b00000, 0x000000076d180000)
  object space 171008K, 0% used [0x00000006c7400000,0x00000006c7402000,0x00000006d1b00000)
 Metaspace       used 15035K, capacity 15350K, committed 15744K, reserved 1062912K
  class space    used 1737K, capacity 1863K, committed 1920K, reserved 1048576K
Event: 42.625 GC heap after
Heap after GC invocations=2 (full 0):
 PSYoungGen      total 74752K, used 7505K [0x000000076d180000, 0x0000000772480000, 0x00000007c0000000)
  eden space 64512K, 0% used [0x000000076d180000,0x000000076d180000,0x0000000771080000)
  from space 10240K, 73% used [0x0000000771a80000,0x00000007721d44a0,0x0000000772480000)
  to   space 10240K, 0% used [0x0000000771080000,0x0000000771080000,0x0000000771a80000)
 ParOldGen       total 171008K, used 16K [0x00000006c7400000, 0x00000006d1b00000, 0x000000076d180000)
  object space 171008K, 0% used [0x00000006c7400000,0x00000006c7404000,0x00000006d1b00000)
 Metaspace       used 15035K, capacity 15350K, committed 15744K, reserved 1062912K
  class space    used 1737K, capacity 1863K, committed 1920K, reserved 1048576K
}
Event: 85.723 GC heap before
{Heap before GC invocations=3 (full 0):
 PSYoungGen      total 74752K, used 72017K [0x000000076d180000, 0x0000000772480000, 0x00000007c0000000)
  eden space 64512K, 100% used [0x000000076d180000,0x0000000771080000,0x0000000771080000)
  from space 10240K, 73% used [0x0000000771a80000,0x00000007721d44a0,0x0000000772480000)
  to   space 10240K, 0% used [0x0000000771080000,0x0000000771080000,0x0000000771a80000)
 ParOldGen       total 171008K, used 17K [0x00000006c7400000, 0x00000006d1b00000, 0x000000076d180000)
  object space 171008K, 0% used [0x00000006c7400000,0x00000006c74045a0,0x00000006d1b00000)
 Metaspace       used 20145K, capacity 20876K, committed 21120K, reserved 1067008K
  class space    used 2478K, capacity 2669K, committed 2688K, reserved 1048576K
Event: 85.736 GC heap after
Heap after GC invocations=3 (full 0):
 PSYoungGen      total 74752K, used 8754K [0x000000076d180000, 0x0000000772480000, 0x00000007c0000000)
  eden space 64512K, 0% used [0x000000076d180000,0x000000076d180000,0x0000000771080000)
  from space 10240K, 85% used [0x0000000771080000,0x000000077190c820,0x0000000771a80000)
  to   space 10240K, 0% used [0x0000000771a80000,0x0000000771a80000,0x0000000772480000)
 ParOldGen       total 171008K, used 25K [0x00000006c7400000, 0x00000006d1b00000, 0x000000076d180000)
  object space 171008K, 0% used [0x00000006c7400000,0x00000006c74065a0,0x00000006d1b00000)
 Metaspace       used 20145K, capacity 20876K, committed 21120K, reserved 1067008K
  class space    used 2478K, capacity 2669K, committed 2688K, reserved 1048576K
}
Event: 85.763 GC heap before
{Heap before GC invocations=4 (full 0):
 PSYoungGen      total 74752K, used 12588K [0x000000076d180000, 0x0000000772480000, 0x00000007c0000000)
  eden space 64512K, 5% used [0x000000076d180000,0x000000076d53ebc8,0x0000000771080000)
  from space 10240K, 85% used [0x0000000771080000,0x000000077190c820,0x0000000771a80000)
  to   space 10240K, 0% used [0x0000000771a80000,0x0000000771a80000,0x0000000772480000)
 ParOldGen       total 171008K, used 25K [0x00000006c7400000, 0x00000006d1b00000, 0x000000076d180000)
  object space 171008K, 0% used [0x00000006c7400000,0x00000006c74065a0,0x00000006d1b00000)
 Metaspace       used 20467K, capacity 21144K, committed 21296K, reserved 1069056K
  class space    used 2507K, capacity 2675K, committed 2688K, reserved 1048576K
Event: 85.777 GC heap after
Heap after GC invocations=4 (full 0):
 PSYoungGen      total 74752K, used 5653K [0x000000076d180000, 0x0000000776380000, 0x00000007c0000000)
  eden space 64512K, 0% used [0x000000076d180000,0x000000076d180000,0x0000000771080000)
  from space 10240K, 55% used [0x0000000771a80000,0x0000000772005738,0x0000000772480000)
  to   space 10240K, 0% used [0x0000000771080000,0x0000000771080000,0x0000000771a80000)
 ParOldGen       total 171008K, used 33K [0x00000006c7400000, 0x00000006d1b00000, 0x000000076d180000)
  object space 171008K, 0% used [0x00000006c7400000,0x00000006c74085a0,0x00000006d1b00000)
 Metaspace       used 20467K, capacity 21144K, committed 21296K, reserved 1069056K
  class space    used 2507K, capacity 2675K, committed 2688K, reserved 1048576K
}
Event: 85.777 GC heap before
{Heap before GC invocations=5 (full 1):
 PSYoungGen      total 74752K, used 5653K [0x000000076d180000, 0x0000000776380000, 0x00000007c0000000)
  eden space 64512K, 0% used [0x000000076d180000,0x000000076d180000,0x0000000771080000)
  from space 10240K, 55% used [0x0000000771a80000,0x0000000772005738,0x0000000772480000)
  to   space 10240K, 0% used [0x0000000771080000,0x0000000771080000,0x0000000771a80000)
 ParOldGen       total 171008K, used 33K [0x00000006c7400000, 0x00000006d1b00000, 0x000000076d180000)
  object space 171008K, 0% used [0x00000006c7400000,0x00000006c74085a0,0x00000006d1b00000)
 Metaspace       used 20467K, capacity 21144K, committed 21296K, reserved 1069056K
  class space    used 2507K, capacity 2675K, committed 2688K, reserved 1048576K
Event: 85.813 GC heap after
Heap after GC invocations=5 (full 1):
 PSYoungGen      total 74752K, used 0K [0x000000076d180000, 0x0000000776380000, 0x00000007c0000000)
  eden space 64512K, 0% used [0x000000076d180000,0x000000076d180000,0x0000000771080000)
  from space 10240K, 0% used [0x0000000771a80000,0x0000000771a80000,0x0000000772480000)
  to   space 10240K, 0% used [0x0000000771080000,0x0000000771080000,0x0000000771a80000)
 ParOldGen       total 70656K, used 5551K [0x00000006c7400000, 0x00000006cb900000, 0x000000076d180000)
  object space 70656K, 7% used [0x00000006c7400000,0x00000006c796be60,0x00000006cb900000)
 Metaspace       used 20467K, capacity 21144K, committed 21296K, reserved 1069056K
  class space    used 2507K, capacity 2675K, committed 2688K, reserved 1048576K
}
Event: 86.468 GC heap before
{Heap before GC invocations=6 (full 1):
 PSYoungGen      total 74752K, used 64512K [0x000000076d180000, 0x0000000776380000, 0x00000007c0000000)
  eden space 64512K, 100% used [0x000000076d180000,0x0000000771080000,0x0000000771080000)
  from space 10240K, 0% used [0x0000000771a80000,0x0000000771a80000,0x0000000772480000)
  to   space 10240K, 0% used [0x0000000771080000,0x0000000771080000,0x0000000771a80000)
 ParOldGen       total 70656K, used 5558K [0x00000006c7400000, 0x00000006cb900000, 0x000000076d180000)
  object space 70656K, 7% used [0x00000006c7400000,0x00000006c796daf8,0x00000006cb900000)
 Metaspace       used 25811K, capacity 26584K, committed 26752K, reserved 1073152K
  class space    used 3192K, capacity 3452K, committed 3456K, reserved 1048576K
Event: 86.475 GC heap after
Heap after GC invocations=6 (full 1):
 PSYoungGen      total 74752K, used 5174K [0x000000076d180000, 0x0000000776280000, 0x00000007c0000000)
  eden space 64512K, 0% used [0x000000076d180000,0x000000076d180000,0x0000000771080000)
  from space 10240K, 50% used [0x0000000771080000,0x000000077158d9a8,0x0000000771a80000)
  to   space 9728K, 0% used [0x0000000775900000,0x0000000775900000,0x0000000776280000)
 ParOldGen       total 70656K, used 5566K [0x00000006c7400000, 0x00000006cb900000, 0x000000076d180000)
  object space 70656K, 7% used [0x00000006c7400000,0x00000006c796faf8,0x00000006cb900000)
 Metaspace       used 25811K, capacity 26584K, committed 26752K, reserved 1073152K
  class space    used 3192K, capacity 3452K, committed 3456K, reserved 1048576K
}

